<?xml version="1.0" encoding="UTF-8"?>
<!-- Generated by org.testng.reporters.JUnitReportReporter -->
<testsuite hostname="BAT04078D" name="TestRunner" tests="1" failures="0" timestamp="30 Jul 2019 07:21:32 GMT" time="29.998" errors="0">
  <testcase name="feature" time="29.998" classname="TestRunner"/>
</testsuite>
