<?xml version="1.0" encoding="UTF-8"?>
<!-- Generated by org.testng.reporters.JUnitReportReporter -->
<testsuite hostname="BAT04078D" name="TestRunner" tests="1" failures="0" timestamp="31 Jul 2019 07:38:36 GMT" time="63.454" errors="0">
  <testcase name="feature" time="63.454" classname="TestRunner"/>
</testsuite>
