<?xml version="1.0" encoding="UTF-8"?>
<!-- Generated by org.testng.reporters.JUnitReportReporter -->
<testsuite hostname="BAT04078D" name="TestRunner" tests="1" failures="0" timestamp="26 Jul 2019 03:42:05 GMT" time="36.320" errors="0">
  <testcase name="feature" time="36.320" classname="TestRunner"/>
</testsuite>
